{"D:\\Workspace\\github\\my-vue-study\\src\\main.js": {"path":"D:\\Workspace\\github\\my-vue-study\\src\\main.js","statementMap":{"0":{"start":{"line":7,"column":0},"end":{"line":7,"column":32}},"1":{"start":{"line":9,"column":0},"end":{"line":9,"column":16}},"2":{"start":{"line":11,"column":0},"end":{"line":15,"column":17}},"3":{"start":{"line":14,"column":15},"end":{"line":14,"column":21}}},"fnMap":{"0":{"name":"(anonymous_0)","decl":{"start":{"line":14,"column":10},"end":{"line":14,"column":11}},"loc":{"start":{"line":14,"column":15},"end":{"line":14,"column":21}},"line":14}},"branchMap":{},"s":{"0":0,"1":0,"2":0,"3":0},"f":{"0":0},"b":{},"hash":"eed4240af2e6cd5c45ace486b012f2f1655b441f"}
,"D:\\Workspace\\github\\my-vue-study\\src\\components\\Notice.vue": {"path":"D:\\Workspace\\github\\my-vue-study\\src\\components\\Notice.vue","statementMap":{"0":{"start":{"line":26,"column":0},"end":{"line":26,"column":null}},"1":{"start":{"line":32,"column":0},"end":{"line":32,"column":null}},"2":{"start":{"line":33,"column":0},"end":{"line":33,"column":null}},"3":{"start":{"line":36,"column":0},"end":{"line":36,"column":null}},"4":{"start":{"line":37,"column":0},"end":{"line":37,"column":null}}},"fnMap":{"0":{"name":"(anonymous_1)","decl":{"start":{"line":25,"column":0},"end":{"line":25,"column":null}},"loc":{"start":{"line":25,"column":0},"end":{"line":29,"column":null}}},"1":{"name":"(anonymous_2)","decl":{"start":{"line":31,"column":0},"end":{"line":31,"column":null}},"loc":{"start":{"line":31,"column":0},"end":{"line":34,"column":null}}},"2":{"name":"(anonymous_3)","decl":{"start":{"line":35,"column":0},"end":{"line":35,"column":null}},"loc":{"start":{"line":35,"column":0},"end":{"line":38,"column":null}}}},"branchMap":{},"s":{"0":0,"1":0,"2":0,"3":0,"4":0},"f":{"0":0,"1":0,"2":0},"b":{}}
,"D:\\Workspace\\github\\my-vue-study\\src\\components\\KTable\\KTable.vue": {"path":"D:\\Workspace\\github\\my-vue-study\\src\\components\\KTable\\KTable.vue","statementMap":{"0":{"start":{"line":8,"column":0},"end":{"line":8,"column":null}},"1":{"start":{"line":14,"column":0},"end":{"line":14,"column":null}},"2":{"start":{"line":19,"column":0},"end":{"line":19,"column":null}},"3":{"start":{"line":20,"column":0},"end":{"line":20,"column":null}},"4":{"start":{"line":23,"column":0},"end":{"line":23,"column":null}},"5":{"start":{"line":37,"column":0},"end":{"line":56,"column":null}},"6":{"start":{"line":37,"column":0},"end":{"line":37,"column":null}},"7":{"start":{"line":40,"column":0},"end":{"line":40,"column":null}},"8":{"start":{"line":43,"column":0},"end":{"line":43,"column":null}},"9":{"start":{"line":44,"column":0},"end":{"line":54,"column":null}},"10":{"start":{"line":46,"column":0},"end":{"line":48,"column":null}},"11":{"start":{"line":47,"column":0},"end":{"line":47,"column":null}},"12":{"start":{"line":51,"column":0},"end":{"line":53,"column":null}},"13":{"start":{"line":52,"column":0},"end":{"line":52,"column":null}},"14":{"start":{"line":55,"column":0},"end":{"line":55,"column":null}},"15":{"start":{"line":59,"column":0},"end":{"line":66,"column":null}},"16":{"start":{"line":60,"column":0},"end":{"line":60,"column":null}},"17":{"start":{"line":61,"column":0},"end":{"line":64,"column":null}},"18":{"start":{"line":62,"column":0},"end":{"line":62,"column":null}},"19":{"start":{"line":63,"column":0},"end":{"line":63,"column":null}},"20":{"start":{"line":65,"column":0},"end":{"line":65,"column":null}},"21":{"start":{"line":71,"column":0},"end":{"line":71,"column":null}},"22":{"start":{"line":72,"column":0},"end":{"line":72,"column":null}},"23":{"start":{"line":75,"column":0},"end":{"line":75,"column":null}},"24":{"start":{"line":76,"column":0},"end":{"line":76,"column":null}},"25":{"start":{"line":78,"column":0},"end":{"line":88,"column":null}},"26":{"start":{"line":79,"column":0},"end":{"line":79,"column":null}},"27":{"start":{"line":80,"column":0},"end":{"line":80,"column":null}},"28":{"start":{"line":82,"column":0},"end":{"line":87,"column":null}},"29":{"start":{"line":83,"column":0},"end":{"line":83,"column":null}},"30":{"start":{"line":86,"column":0},"end":{"line":86,"column":null}},"31":{"start":{"line":91,"column":0},"end":{"line":91,"column":null}},"32":{"start":{"line":92,"column":0},"end":{"line":125,"column":null}},"33":{"start":{"line":97,"column":0},"end":{"line":97,"column":null}},"34":{"start":{"line":98,"column":0},"end":{"line":112,"column":null}},"35":{"start":{"line":99,"column":0},"end":{"line":101,"column":null}},"36":{"start":{"line":100,"column":0},"end":{"line":100,"column":null}},"37":{"start":{"line":102,"column":0},"end":{"line":102,"column":null}},"38":{"start":{"line":111,"column":0},"end":{"line":111,"column":null}},"39":{"start":{"line":118,"column":0},"end":{"line":122,"column":null}},"40":{"start":{"line":121,"column":0},"end":{"line":121,"column":null}}},"fnMap":{"0":{"name":"(anonymous_1)","decl":{"start":{"line":7,"column":0},"end":{"line":7,"column":null}},"loc":{"start":{"line":7,"column":0},"end":{"line":9,"column":null}}},"1":{"name":"(anonymous_2)","decl":{"start":{"line":13,"column":0},"end":{"line":13,"column":null}},"loc":{"start":{"line":13,"column":0},"end":{"line":15,"column":null}}},"2":{"name":"(anonymous_3)","decl":{"start":{"line":18,"column":0},"end":{"line":18,"column":null}},"loc":{"start":{"line":18,"column":0},"end":{"line":21,"column":null}}},"3":{"name":"(anonymous_4)","decl":{"start":{"line":22,"column":0},"end":{"line":22,"column":null}},"loc":{"start":{"line":22,"column":0},"end":{"line":27,"column":null}}},"4":{"name":"(anonymous_5)","decl":{"start":{"line":29,"column":0},"end":{"line":29,"column":null}},"loc":{"start":{"line":29,"column":0},"end":{"line":57,"column":null}}},"5":{"name":"(anonymous_6)","decl":{"start":{"line":37,"column":0},"end":{"line":37,"column":null}},"loc":{"start":{"line":37,"column":0},"end":{"line":37,"column":null}}},"6":{"name":"(anonymous_8)","decl":{"start":{"line":46,"column":0},"end":{"line":46,"column":null}},"loc":{"start":{"line":46,"column":0},"end":{"line":48,"column":null}}},"7":{"name":"(anonymous_9)","decl":{"start":{"line":51,"column":0},"end":{"line":51,"column":null}},"loc":{"start":{"line":51,"column":0},"end":{"line":53,"column":null}}},"8":{"name":"(anonymous_10)","decl":{"start":{"line":58,"column":0},"end":{"line":58,"column":null}},"loc":{"start":{"line":58,"column":0},"end":{"line":67,"column":null}}},"9":{"name":"(anonymous_11)","decl":{"start":{"line":59,"column":0},"end":{"line":59,"column":null}},"loc":{"start":{"line":59,"column":0},"end":{"line":66,"column":null}}},"10":{"name":"(anonymous_12)","decl":{"start":{"line":61,"column":0},"end":{"line":61,"column":null}},"loc":{"start":{"line":61,"column":0},"end":{"line":64,"column":null}}},"11":{"name":"(anonymous_13)","decl":{"start":{"line":70,"column":0},"end":{"line":70,"column":null}},"loc":{"start":{"line":70,"column":0},"end":{"line":73,"column":null}}},"12":{"name":"(anonymous_14)","decl":{"start":{"line":74,"column":0},"end":{"line":74,"column":null}},"loc":{"start":{"line":74,"column":0},"end":{"line":89,"column":null}}},"13":{"name":"(anonymous_15)","decl":{"start":{"line":78,"column":0},"end":{"line":78,"column":null}},"loc":{"start":{"line":78,"column":0},"end":{"line":88,"column":null}}},"14":{"name":"(anonymous_16)","decl":{"start":{"line":91,"column":0},"end":{"line":91,"column":null}},"loc":{"start":{"line":91,"column":0},"end":{"line":129,"column":null}}},"15":{"name":"(anonymous_17)","decl":{"start":{"line":92,"column":0},"end":{"line":92,"column":null}},"loc":{"start":{"line":92,"column":0},"end":{"line":113,"column":null}}},"16":{"name":"(anonymous_18)","decl":{"start":{"line":102,"column":0},"end":{"line":102,"column":null}},"loc":{"start":{"line":102,"column":0},"end":{"line":102,"column":null}}},"17":{"name":"(anonymous_19)","decl":{"start":{"line":113,"column":0},"end":{"line":113,"column":null}},"loc":{"start":{"line":113,"column":0},"end":{"line":125,"column":null}}},"18":{"name":"(anonymous_20)","decl":{"start":{"line":118,"column":0},"end":{"line":118,"column":null}},"loc":{"start":{"line":118,"column":0},"end":{"line":122,"column":null}}}},"branchMap":{"0":{"loc":{"start":{"line":19,"column":0},"end":{"line":19,"column":null}},"type":"cond-expr","locations":[{"start":{"line":19,"column":0},"end":{"line":19,"column":null}},{"start":{"line":19,"column":0},"end":{"line":19,"column":null}}]},"1":{"loc":{"start":{"line":20,"column":0},"end":{"line":20,"column":null}},"type":"cond-expr","locations":[{"start":{"line":20,"column":0},"end":{"line":20,"column":null}},{"start":{"line":20,"column":0},"end":{"line":20,"column":null}}]},"2":{"loc":{"start":{"line":44,"column":0},"end":{"line":54,"column":null}},"type":"if","locations":[{"start":{"line":44,"column":0},"end":{"line":54,"column":null}},{"start":{"line":44,"column":0},"end":{"line":54,"column":null}}]},"3":{"loc":{"start":{"line":71,"column":0},"end":{"line":71,"column":null}},"type":"cond-expr","locations":[{"start":{"line":71,"column":0},"end":{"line":71,"column":null}},{"start":{"line":71,"column":0},"end":{"line":71,"column":null}}]},"4":{"loc":{"start":{"line":82,"column":0},"end":{"line":87,"column":null}},"type":"if","locations":[{"start":{"line":82,"column":0},"end":{"line":87,"column":null}},{"start":{"line":82,"column":0},"end":{"line":87,"column":null}}]},"5":{"loc":{"start":{"line":83,"column":0},"end":{"line":83,"column":null}},"type":"cond-expr","locations":[{"start":{"line":83,"column":0},"end":{"line":83,"column":null}},{"start":{"line":83,"column":0},"end":{"line":83,"column":null}}]},"6":{"loc":{"start":{"line":86,"column":0},"end":{"line":86,"column":null}},"type":"cond-expr","locations":[{"start":{"line":86,"column":0},"end":{"line":86,"column":null}},{"start":{"line":86,"column":0},"end":{"line":86,"column":null}}]},"7":{"loc":{"start":{"line":98,"column":0},"end":{"line":112,"column":null}},"type":"if","locations":[{"start":{"line":98,"column":0},"end":{"line":112,"column":null}},{"start":{"line":98,"column":0},"end":{"line":112,"column":null}}]},"8":{"loc":{"start":{"line":98,"column":0},"end":{"line":98,"column":null}},"type":"binary-expr","locations":[{"start":{"line":98,"column":0},"end":{"line":98,"column":null}},{"start":{"line":98,"column":0},"end":{"line":98,"column":null}}]},"9":{"loc":{"start":{"line":99,"column":0},"end":{"line":101,"column":null}},"type":"if","locations":[{"start":{"line":99,"column":0},"end":{"line":101,"column":null}},{"start":{"line":99,"column":0},"end":{"line":101,"column":null}}]},"10":{"loc":{"start":{"line":100,"column":0},"end":{"line":100,"column":null}},"type":"cond-expr","locations":[{"start":{"line":100,"column":0},"end":{"line":100,"column":null}},{"start":{"line":100,"column":0},"end":{"line":100,"column":null}}]}},"s":{"0":0,"1":0,"2":1,"3":1,"4":1,"5":1,"6":7,"7":4,"8":4,"9":4,"10":1,"11":4,"12":3,"13":12,"14":4,"15":0,"16":0,"17":0,"18":0,"19":0,"20":0,"21":0,"22":0,"23":0,"24":0,"25":0,"26":0,"27":0,"28":0,"29":0,"30":0,"31":1,"32":1,"33":4,"34":4,"35":3,"36":1,"37":3,"38":1,"39":4,"40":16},"f":{"0":0,"1":0,"2":1,"3":1,"4":1,"5":11,"6":4,"7":12,"8":0,"9":0,"10":0,"11":0,"12":0,"13":0,"14":1,"15":4,"16":0,"17":4,"18":16},"b":{"0":[1,0],"1":[1,0],"2":[1,3],"3":[0,0],"4":[0,0],"5":[0,0],"6":[0,0],"7":[3,1],"8":[4,4],"9":[1,2],"10":[1,0]}}
,"D:\\Workspace\\github\\my-vue-study\\src\\components\\KTable\\index.js": {"path":"D:\\Workspace\\github\\my-vue-study\\src\\components\\KTable\\index.js","statementMap":{},"fnMap":{},"branchMap":{},"s":{},"f":{},"b":{},"_coverageSchema":"43e27e138ebf9cfc5966b082cf9a028302ed4184","hash":"af11cd49e6d205178c9d15d30fe2e65389dd9d84"}
,"D:\\Workspace\\github\\my-vue-study\\src\\krouter\\Link.js": {"path":"D:\\Workspace\\github\\my-vue-study\\src\\krouter\\Link.js","statementMap":{"0":{"start":{"line":10,"column":4},"end":{"line":18,"column":6}}},"fnMap":{"0":{"name":"(anonymous_0)","decl":{"start":{"line":8,"column":2},"end":{"line":8,"column":3}},"loc":{"start":{"line":8,"column":12},"end":{"line":19,"column":3}},"line":8}},"branchMap":{},"s":{"0":0},"f":{"0":0},"b":{},"hash":"4cf63f267aedf30c5bb3585e4263a7ef110f8181"}
,"D:\\Workspace\\github\\my-vue-study\\src\\krouter\\View.js": {"path":"D:\\Workspace\\github\\my-vue-study\\src\\krouter\\View.js","statementMap":{"0":{"start":{"line":3,"column":19},"end":{"line":3,"column":31}},"1":{"start":{"line":4,"column":21},"end":{"line":4,"column":52}},"2":{"start":{"line":5,"column":4},"end":{"line":5,"column":26}},"3":{"start":{"line":6,"column":4},"end":{"line":6,"column":33}}},"fnMap":{"0":{"name":"(anonymous_0)","decl":{"start":{"line":2,"column":2},"end":{"line":2,"column":3}},"loc":{"start":{"line":2,"column":12},"end":{"line":7,"column":3}},"line":2}},"branchMap":{},"s":{"0":0,"1":0,"2":0,"3":0},"f":{"0":0},"b":{},"hash":"ced5ceba016f63621ff934f6f37d4df96fdd0dfd"}
,"D:\\Workspace\\github\\my-vue-study\\src\\krouter\\index.js": {"path":"D:\\Workspace\\github\\my-vue-study\\src\\krouter\\index.js","statementMap":{"0":{"start":{"line":4,"column":10},"end":{"line":4,"column":14}},"1":{"start":{"line":8,"column":4},"end":{"line":8,"column":28}},"2":{"start":{"line":10,"column":4},"end":{"line":13,"column":10}},"3":{"start":{"line":11,"column":6},"end":{"line":11,"column":26}},"4":{"start":{"line":12,"column":6},"end":{"line":12,"column":17}},"5":{"start":{"line":15,"column":20},"end":{"line":15,"column":56}},"6":{"start":{"line":16,"column":4},"end":{"line":16,"column":53}},"7":{"start":{"line":17,"column":4},"end":{"line":17,"column":71}},"8":{"start":{"line":22,"column":4},"end":{"line":22,"column":37}},"9":{"start":{"line":23,"column":4},"end":{"line":23,"column":56}},"10":{"start":{"line":44,"column":0},"end":{"line":57,"column":1}},"11":{"start":{"line":45,"column":2},"end":{"line":45,"column":13}},"12":{"start":{"line":47,"column":2},"end":{"line":53,"column":4}},"13":{"start":{"line":49,"column":6},"end":{"line":51,"column":7}},"14":{"start":{"line":50,"column":8},"end":{"line":50,"column":53}},"15":{"start":{"line":55,"column":2},"end":{"line":55,"column":36}},"16":{"start":{"line":56,"column":2},"end":{"line":56,"column":36}}},"fnMap":{"0":{"name":"(anonymous_0)","decl":{"start":{"line":7,"column":2},"end":{"line":7,"column":3}},"loc":{"start":{"line":7,"column":23},"end":{"line":19,"column":3}},"line":7},"1":{"name":"(anonymous_1)","decl":{"start":{"line":10,"column":48},"end":{"line":10,"column":49}},"loc":{"start":{"line":10,"column":62},"end":{"line":13,"column":5}},"line":10},"2":{"name":"(anonymous_2)","decl":{"start":{"line":21,"column":2},"end":{"line":21,"column":3}},"loc":{"start":{"line":21,"column":17},"end":{"line":24,"column":3}},"line":21},"3":{"name":"(anonymous_3)","decl":{"start":{"line":44,"column":20},"end":{"line":44,"column":21}},"loc":{"start":{"line":44,"column":30},"end":{"line":57,"column":1}},"line":44},"4":{"name":"(anonymous_4)","decl":{"start":{"line":48,"column":4},"end":{"line":48,"column":5}},"loc":{"start":{"line":48,"column":19},"end":{"line":52,"column":5}},"line":48}},"branchMap":{"0":{"loc":{"start":{"line":15,"column":20},"end":{"line":15,"column":56}},"type":"binary-expr","locations":[{"start":{"line":15,"column":20},"end":{"line":15,"column":49}},{"start":{"line":15,"column":53},"end":{"line":15,"column":56}}],"line":15},"1":{"loc":{"start":{"line":23,"column":19},"end":{"line":23,"column":55}},"type":"binary-expr","locations":[{"start":{"line":23,"column":19},"end":{"line":23,"column":48}},{"start":{"line":23,"column":52},"end":{"line":23,"column":55}}],"line":23},"2":{"loc":{"start":{"line":49,"column":6},"end":{"line":51,"column":7}},"type":"if","locations":[{"start":{"line":49,"column":6},"end":{"line":51,"column":7}},{"start":{"line":49,"column":6},"end":{"line":51,"column":7}}],"line":49}},"s":{"0":0,"1":0,"2":0,"3":0,"4":0,"5":0,"6":0,"7":0,"8":0,"9":0,"10":0,"11":0,"12":0,"13":0,"14":0,"15":0,"16":0},"f":{"0":0,"1":0,"2":0,"3":0,"4":0},"b":{"0":[0,0],"1":[0,0],"2":[0,0]},"hash":"bcf07471864de491b994e36171c064fade28508a"}
,"D:\\Workspace\\github\\my-vue-study\\src\\kvuex\\index.js": {"path":"D:\\Workspace\\github\\my-vue-study\\src\\kvuex\\index.js","statementMap":{"0":{"start":{"line":1,"column":10},"end":{"line":1,"column":14}},"1":{"start":{"line":5,"column":4},"end":{"line":5,"column":46}},"2":{"start":{"line":6,"column":4},"end":{"line":6,"column":42}},"3":{"start":{"line":7,"column":4},"end":{"line":7,"column":44}},"4":{"start":{"line":10,"column":4},"end":{"line":10,"column":41}},"5":{"start":{"line":11,"column":4},"end":{"line":11,"column":45}},"6":{"start":{"line":14,"column":18},"end":{"line":19,"column":5}},"7":{"start":{"line":15,"column":6},"end":{"line":18,"column":8}},"8":{"start":{"line":16,"column":26},"end":{"line":16,"column":29}},"9":{"start":{"line":17,"column":8},"end":{"line":17,"column":25}},"10":{"start":{"line":21,"column":4},"end":{"line":21,"column":23}},"11":{"start":{"line":22,"column":20},"end":{"line":22,"column":22}},"12":{"start":{"line":23,"column":4},"end":{"line":29,"column":5}},"13":{"start":{"line":24,"column":6},"end":{"line":24,"column":57}},"14":{"start":{"line":25,"column":6},"end":{"line":28,"column":9}},"15":{"start":{"line":26,"column":19},"end":{"line":26,"column":32}},"16":{"start":{"line":31,"column":4},"end":{"line":38,"column":7}},"17":{"start":{"line":33,"column":8},"end":{"line":35,"column":10}},"18":{"start":{"line":42,"column":4},"end":{"line":42,"column":34}},"19":{"start":{"line":46,"column":4},"end":{"line":46,"column":57}},"20":{"start":{"line":50,"column":4},"end":{"line":50,"column":25}},"21":{"start":{"line":55,"column":18},"end":{"line":55,"column":39}},"22":{"start":{"line":56,"column":4},"end":{"line":59,"column":5}},"23":{"start":{"line":57,"column":6},"end":{"line":57,"column":47}},"24":{"start":{"line":58,"column":6},"end":{"line":58,"column":13}},"25":{"start":{"line":61,"column":4},"end":{"line":61,"column":31}},"26":{"start":{"line":65,"column":18},"end":{"line":65,"column":37}},"27":{"start":{"line":66,"column":4},"end":{"line":69,"column":5}},"28":{"start":{"line":67,"column":6},"end":{"line":67,"column":45}},"29":{"start":{"line":68,"column":6},"end":{"line":68,"column":13}},"30":{"start":{"line":71,"column":4},"end":{"line":71,"column":32}},"31":{"start":{"line":76,"column":2},"end":{"line":76,"column":13}},"32":{"start":{"line":78,"column":2},"end":{"line":84,"column":5}},"33":{"start":{"line":80,"column":6},"end":{"line":82,"column":7}},"34":{"start":{"line":81,"column":8},"end":{"line":81,"column":51}}},"fnMap":{"0":{"name":"(anonymous_0)","decl":{"start":{"line":4,"column":2},"end":{"line":4,"column":3}},"loc":{"start":{"line":4,"column":28},"end":{"line":39,"column":3}},"line":4},"1":{"name":"(anonymous_1)","decl":{"start":{"line":14,"column":18},"end":{"line":14,"column":19}},"loc":{"start":{"line":14,"column":31},"end":{"line":19,"column":5}},"line":14},"2":{"name":"(anonymous_2)","decl":{"start":{"line":15,"column":13},"end":{"line":15,"column":14}},"loc":{"start":{"line":15,"column":24},"end":{"line":18,"column":7}},"line":15},"3":{"name":"(anonymous_3)","decl":{"start":{"line":26,"column":13},"end":{"line":26,"column":14}},"loc":{"start":{"line":26,"column":19},"end":{"line":26,"column":32}},"line":26},"4":{"name":"(anonymous_4)","decl":{"start":{"line":32,"column":6},"end":{"line":32,"column":7}},"loc":{"start":{"line":32,"column":13},"end":{"line":36,"column":7}},"line":32},"5":{"name":"(anonymous_5)","decl":{"start":{"line":41,"column":2},"end":{"line":41,"column":3}},"loc":{"start":{"line":41,"column":14},"end":{"line":43,"column":3}},"line":41},"6":{"name":"(anonymous_6)","decl":{"start":{"line":45,"column":2},"end":{"line":45,"column":3}},"loc":{"start":{"line":45,"column":15},"end":{"line":47,"column":3}},"line":45},"7":{"name":"(anonymous_7)","decl":{"start":{"line":49,"column":2},"end":{"line":49,"column":3}},"loc":{"start":{"line":49,"column":16},"end":{"line":51,"column":3}},"line":49},"8":{"name":"(anonymous_8)","decl":{"start":{"line":53,"column":2},"end":{"line":53,"column":3}},"loc":{"start":{"line":53,"column":24},"end":{"line":62,"column":3}},"line":53},"9":{"name":"(anonymous_9)","decl":{"start":{"line":64,"column":2},"end":{"line":64,"column":3}},"loc":{"start":{"line":64,"column":26},"end":{"line":72,"column":3}},"line":64},"10":{"name":"install","decl":{"start":{"line":75,"column":9},"end":{"line":75,"column":16}},"loc":{"start":{"line":75,"column":23},"end":{"line":85,"column":1}},"line":75},"11":{"name":"(anonymous_11)","decl":{"start":{"line":79,"column":4},"end":{"line":79,"column":5}},"loc":{"start":{"line":79,"column":19},"end":{"line":83,"column":5}},"line":79}},"branchMap":{"0":{"loc":{"start":{"line":4,"column":14},"end":{"line":4,"column":26}},"type":"default-arg","locations":[{"start":{"line":4,"column":24},"end":{"line":4,"column":26}}],"line":4},"1":{"loc":{"start":{"line":5,"column":22},"end":{"line":5,"column":45}},"type":"binary-expr","locations":[{"start":{"line":5,"column":22},"end":{"line":5,"column":39}},{"start":{"line":5,"column":43},"end":{"line":5,"column":45}}],"line":5},"2":{"loc":{"start":{"line":6,"column":20},"end":{"line":6,"column":41}},"type":"binary-expr","locations":[{"start":{"line":6,"column":20},"end":{"line":6,"column":35}},{"start":{"line":6,"column":39},"end":{"line":6,"column":41}}],"line":6},"3":{"loc":{"start":{"line":7,"column":22},"end":{"line":7,"column":43}},"type":"binary-expr","locations":[{"start":{"line":7,"column":22},"end":{"line":7,"column":37}},{"start":{"line":7,"column":41},"end":{"line":7,"column":43}}],"line":7},"4":{"loc":{"start":{"line":34,"column":19},"end":{"line":34,"column":38}},"type":"binary-expr","locations":[{"start":{"line":34,"column":19},"end":{"line":34,"column":32}},{"start":{"line":34,"column":36},"end":{"line":34,"column":38}}],"line":34},"5":{"loc":{"start":{"line":56,"column":4},"end":{"line":59,"column":5}},"type":"if","locations":[{"start":{"line":56,"column":4},"end":{"line":59,"column":5}},{"start":{"line":56,"column":4},"end":{"line":59,"column":5}}],"line":56},"6":{"loc":{"start":{"line":66,"column":4},"end":{"line":69,"column":5}},"type":"if","locations":[{"start":{"line":66,"column":4},"end":{"line":69,"column":5}},{"start":{"line":66,"column":4},"end":{"line":69,"column":5}}],"line":66},"7":{"loc":{"start":{"line":80,"column":6},"end":{"line":82,"column":7}},"type":"if","locations":[{"start":{"line":80,"column":6},"end":{"line":82,"column":7}},{"start":{"line":80,"column":6},"end":{"line":82,"column":7}}],"line":80}},"s":{"0":0,"1":0,"2":0,"3":0,"4":0,"5":0,"6":0,"7":0,"8":0,"9":0,"10":0,"11":0,"12":0,"13":0,"14":0,"15":0,"16":0,"17":0,"18":0,"19":0,"20":0,"21":0,"22":0,"23":0,"24":0,"25":0,"26":0,"27":0,"28":0,"29":0,"30":0,"31":0,"32":0,"33":0,"34":0},"f":{"0":0,"1":0,"2":0,"3":0,"4":0,"5":0,"6":0,"7":0,"8":0,"9":0,"10":0,"11":0},"b":{"0":[0],"1":[0,0],"2":[0,0],"3":[0,0],"4":[0,0],"5":[0,0],"6":[0,0],"7":[0,0]},"hash":"c3f5685e70141662addcaf742b3b8fac91f1b83d"}
,"D:\\Workspace\\github\\my-vue-study\\src\\plugins\\notice.js": {"path":"D:\\Workspace\\github\\my-vue-study\\src\\plugins\\notice.js","statementMap":{"0":{"start":{"line":6,"column":4},"end":{"line":10,"column":5}},"1":{"start":{"line":7,"column":19},"end":{"line":7,"column":40}},"2":{"start":{"line":8,"column":6},"end":{"line":8,"column":17}},"3":{"start":{"line":9,"column":6},"end":{"line":9,"column":17}}},"fnMap":{"0":{"name":"(anonymous_0)","decl":{"start":{"line":5,"column":2},"end":{"line":5,"column":3}},"loc":{"start":{"line":5,"column":15},"end":{"line":11,"column":3}},"line":5},"1":{"name":"(anonymous_1)","decl":{"start":{"line":6,"column":28},"end":{"line":6,"column":29}},"loc":{"start":{"line":6,"column":39},"end":{"line":10,"column":5}},"line":6}},"branchMap":{},"s":{"0":0,"1":0,"2":0,"3":0},"f":{"0":0,"1":0},"b":{},"hash":"083162af1dee6f098639d3c217020b8ace478865"}
,"D:\\Workspace\\github\\my-vue-study\\src\\router\\index.js": {"path":"D:\\Workspace\\github\\my-vue-study\\src\\router\\index.js","statementMap":{"0":{"start":{"line":6,"column":0},"end":{"line":6,"column":18}},"1":{"start":{"line":8,"column":15},"end":{"line":22,"column":1}},"2":{"start":{"line":20,"column":21},"end":{"line":20,"column":81}},"3":{"start":{"line":24,"column":15},"end":{"line":28,"column":2}}},"fnMap":{"0":{"name":"(anonymous_0)","decl":{"start":{"line":20,"column":15},"end":{"line":20,"column":16}},"loc":{"start":{"line":20,"column":21},"end":{"line":20,"column":81}},"line":20}},"branchMap":{},"s":{"0":0,"1":0,"2":0,"3":0},"f":{"0":0},"b":{},"hash":"3b09f0134d41630570a544c559fc7e7297d4b60f"}
,"D:\\Workspace\\github\\my-vue-study\\src\\store\\index.js": {"path":"D:\\Workspace\\github\\my-vue-study\\src\\store\\index.js","statementMap":{"0":{"start":{"line":5,"column":0},"end":{"line":5,"column":14}},"1":{"start":{"line":13,"column":6},"end":{"line":13,"column":30}},"2":{"start":{"line":14,"column":6},"end":{"line":14,"column":31}},"3":{"start":{"line":17,"column":6},"end":{"line":17,"column":30}},"4":{"start":{"line":18,"column":6},"end":{"line":18,"column":31}},"5":{"start":{"line":23,"column":6},"end":{"line":23,"column":22}},"6":{"start":{"line":28,"column":6},"end":{"line":30,"column":15}},"7":{"start":{"line":29,"column":8},"end":{"line":29,"column":22}}},"fnMap":{"0":{"name":"(anonymous_0)","decl":{"start":{"line":12,"column":4},"end":{"line":12,"column":5}},"loc":{"start":{"line":12,"column":25},"end":{"line":15,"column":5}},"line":12},"1":{"name":"(anonymous_1)","decl":{"start":{"line":16,"column":4},"end":{"line":16,"column":5}},"loc":{"start":{"line":16,"column":25},"end":{"line":19,"column":5}},"line":16},"2":{"name":"(anonymous_2)","decl":{"start":{"line":22,"column":4},"end":{"line":22,"column":5}},"loc":{"start":{"line":22,"column":21},"end":{"line":24,"column":5}},"line":22},"3":{"name":"(anonymous_3)","decl":{"start":{"line":27,"column":4},"end":{"line":27,"column":5}},"loc":{"start":{"line":27,"column":26},"end":{"line":31,"column":5}},"line":27},"4":{"name":"(anonymous_4)","decl":{"start":{"line":28,"column":17},"end":{"line":28,"column":18}},"loc":{"start":{"line":28,"column":23},"end":{"line":30,"column":7}},"line":28}},"branchMap":{},"s":{"0":0,"1":0,"2":0,"3":0,"4":0,"5":0,"6":0,"7":0},"f":{"0":0,"1":0,"2":0,"3":0,"4":0},"b":{},"hash":"dc516fa999afd5fde98d84bf4eb6662be0ee5863"}
,"D:\\Workspace\\github\\my-vue-study\\src\\utils\\create.js": {"path":"D:\\Workspace\\github\\my-vue-study\\src\\utils\\create.js","statementMap":{"0":{"start":{"line":5,"column":16},"end":{"line":5,"column":37}},"1":{"start":{"line":6,"column":15},"end":{"line":6,"column":53}},"2":{"start":{"line":14,"column":2},"end":{"line":14,"column":38}},"3":{"start":{"line":21,"column":2},"end":{"line":24,"column":4}},"4":{"start":{"line":22,"column":4},"end":{"line":22,"column":40}},"5":{"start":{"line":23,"column":4},"end":{"line":23,"column":20}},"6":{"start":{"line":27,"column":2},"end":{"line":27,"column":14}}},"fnMap":{"0":{"name":"(anonymous_0)","decl":{"start":{"line":3,"column":15},"end":{"line":3,"column":16}},"loc":{"start":{"line":3,"column":42},"end":{"line":28,"column":1}},"line":3},"1":{"name":"(anonymous_1)","decl":{"start":{"line":21,"column":16},"end":{"line":21,"column":17}},"loc":{"start":{"line":21,"column":22},"end":{"line":24,"column":3}},"line":21}},"branchMap":{},"s":{"0":0,"1":0,"2":0,"3":0,"4":0,"5":0,"6":0},"f":{"0":0,"1":0},"b":{},"hash":"0ef0eed38abd5ff39b32a9a8532689d7082eef65"}
,"D:\\Workspace\\github\\my-vue-study\\src\\views\\Home.vue": {"path":"D:\\Workspace\\github\\my-vue-study\\src\\views\\Home.vue","statementMap":{"0":{"start":{"line":26,"column":0},"end":{"line":26,"column":null}},"1":{"start":{"line":35,"column":0},"end":{"line":35,"column":null}},"2":{"start":{"line":46,"column":0},"end":{"line":46,"column":null}}},"fnMap":{"0":{"name":"(anonymous_1)","decl":{"start":{"line":34,"column":0},"end":{"line":34,"column":null}},"loc":{"start":{"line":34,"column":0},"end":{"line":43,"column":null}}},"1":{"name":"(anonymous_2)","decl":{"start":{"line":45,"column":0},"end":{"line":45,"column":null}},"loc":{"start":{"line":45,"column":0},"end":{"line":51,"column":null}}}},"branchMap":{},"s":{"0":1,"1":0,"2":0},"f":{"0":0,"1":0},"b":{}}
}
